d:\0.0 code\1.0 open source\pjproject-2.1\pjproject-2.1.0\pjnath\build\output\pjnath--win32-vc8-debug\pjnath.bsc
d:\0.0 code\1.0 open source\pjproject-2.1\pjproject-2.1.0\pjnath\build\output\pjnath--win32-vc8-debug\vc120.pdb
d:\0.0 code\1.0 open source\pjproject-2.1\pjproject-2.1.0\pjnath\build\output\pjnath--win32-vc8-debug\vc120.idb
d:\0.0 code\1.0 open source\pjproject-2.1\pjproject-2.1.0\pjnath\build\output\pjnath--win32-vc8-debug\errno.sbr
d:\0.0 code\1.0 open source\pjproject-2.1\pjproject-2.1.0\pjnath\build\output\pjnath--win32-vc8-debug\ice_session.sbr
d:\0.0 code\1.0 open source\pjproject-2.1\pjproject-2.1.0\pjnath\build\output\pjnath--win32-vc8-debug\ice_strans.sbr
d:\0.0 code\1.0 open source\pjproject-2.1\pjproject-2.1.0\pjnath\build\output\pjnath--win32-vc8-debug\nat_detect.sbr
d:\0.0 code\1.0 open source\pjproject-2.1\pjproject-2.1.0\pjnath\build\output\pjnath--win32-vc8-debug\stun_auth.sbr
d:\0.0 code\1.0 open source\pjproject-2.1\pjproject-2.1.0\pjnath\build\output\pjnath--win32-vc8-debug\stun_msg.sbr
d:\0.0 code\1.0 open source\pjproject-2.1\pjproject-2.1.0\pjnath\build\output\pjnath--win32-vc8-debug\stun_msg_dump.sbr
d:\0.0 code\1.0 open source\pjproject-2.1\pjproject-2.1.0\pjnath\build\output\pjnath--win32-vc8-debug\stun_session.sbr
d:\0.0 code\1.0 open source\pjproject-2.1\pjproject-2.1.0\pjnath\build\output\pjnath--win32-vc8-debug\stun_sock.sbr
d:\0.0 code\1.0 open source\pjproject-2.1\pjproject-2.1.0\pjnath\build\output\pjnath--win32-vc8-debug\stun_transaction.sbr
d:\0.0 code\1.0 open source\pjproject-2.1\pjproject-2.1.0\pjnath\build\output\pjnath--win32-vc8-debug\turn_session.sbr
d:\0.0 code\1.0 open source\pjproject-2.1\pjproject-2.1.0\pjnath\build\output\pjnath--win32-vc8-debug\turn_sock.sbr
d:\0.0 code\1.0 open source\pjproject-2.1\pjproject-2.1.0\pjnath\build\output\pjnath--win32-vc8-debug\turn_sock.obj
d:\0.0 code\1.0 open source\pjproject-2.1\pjproject-2.1.0\pjnath\build\output\pjnath--win32-vc8-debug\turn_session.obj
d:\0.0 code\1.0 open source\pjproject-2.1\pjproject-2.1.0\pjnath\build\output\pjnath--win32-vc8-debug\stun_transaction.obj
d:\0.0 code\1.0 open source\pjproject-2.1\pjproject-2.1.0\pjnath\build\output\pjnath--win32-vc8-debug\stun_sock.obj
d:\0.0 code\1.0 open source\pjproject-2.1\pjproject-2.1.0\pjnath\build\output\pjnath--win32-vc8-debug\stun_session.obj
d:\0.0 code\1.0 open source\pjproject-2.1\pjproject-2.1.0\pjnath\build\output\pjnath--win32-vc8-debug\stun_msg_dump.obj
d:\0.0 code\1.0 open source\pjproject-2.1\pjproject-2.1.0\pjnath\build\output\pjnath--win32-vc8-debug\stun_msg.obj
d:\0.0 code\1.0 open source\pjproject-2.1\pjproject-2.1.0\pjnath\build\output\pjnath--win32-vc8-debug\stun_auth.obj
d:\0.0 code\1.0 open source\pjproject-2.1\pjproject-2.1.0\pjnath\build\output\pjnath--win32-vc8-debug\nat_detect.obj
d:\0.0 code\1.0 open source\pjproject-2.1\pjproject-2.1.0\pjnath\build\output\pjnath--win32-vc8-debug\ice_strans.obj
d:\0.0 code\1.0 open source\pjproject-2.1\pjproject-2.1.0\pjnath\build\output\pjnath--win32-vc8-debug\ice_session.obj
d:\0.0 code\1.0 open source\pjproject-2.1\pjproject-2.1.0\pjnath\build\output\pjnath--win32-vc8-debug\errno.obj
d:\0.0 code\1.0 open source\pjproject-2.1\pjproject-2.1.0\pjnath\lib\pjnath-i386-win32-vc8-debug.lib
d:\0.0 code\1.0 open source\pjproject-2.1\pjproject-2.1.0\pjnath\build\output\pjnath--win32-vc8-debug\pjnath.tlog\bscmake.command.1.tlog
d:\0.0 code\1.0 open source\pjproject-2.1\pjproject-2.1.0\pjnath\build\output\pjnath--win32-vc8-debug\pjnath.tlog\bscmake.read.1.tlog
d:\0.0 code\1.0 open source\pjproject-2.1\pjproject-2.1.0\pjnath\build\output\pjnath--win32-vc8-debug\pjnath.tlog\bscmake.write.1.tlog
d:\0.0 code\1.0 open source\pjproject-2.1\pjproject-2.1.0\pjnath\build\output\pjnath--win32-vc8-debug\pjnath.tlog\cl.command.1.tlog
d:\0.0 code\1.0 open source\pjproject-2.1\pjproject-2.1.0\pjnath\build\output\pjnath--win32-vc8-debug\pjnath.tlog\cl.read.1.tlog
d:\0.0 code\1.0 open source\pjproject-2.1\pjproject-2.1.0\pjnath\build\output\pjnath--win32-vc8-debug\pjnath.tlog\cl.write.1.tlog
d:\0.0 code\1.0 open source\pjproject-2.1\pjproject-2.1.0\pjnath\build\output\pjnath--win32-vc8-debug\pjnath.tlog\lib-link.read.1.tlog
d:\0.0 code\1.0 open source\pjproject-2.1\pjproject-2.1.0\pjnath\build\output\pjnath--win32-vc8-debug\pjnath.tlog\lib-link.write.1.tlog
d:\0.0 code\1.0 open source\pjproject-2.1\pjproject-2.1.0\pjnath\build\output\pjnath--win32-vc8-debug\pjnath.tlog\lib.command.1.tlog
