生成启动时间为 2014/1/3 22:10:50。
     1>项目“D:\0.0 Code\1.0 Open Source\pjproject-2.1\pjproject-2.1.0\pjnath\build\pjnath.vcxproj”在节点 2 上(Build 个目标)。
     1>ClCompile:
         C:\Program Files (x86)\Microsoft Visual Studio 12.0\VC\bin\CL.exe /c /I../include /I../../pjlib/include /I"../../pjlib-util/include" /Zi /nologo /W4 /WX- /O2 /Oy- /D _LIB /D WIN32 /D PJ_WIN32=1 /D PJ_M_I386=1 /D NDEBUG /D _MBCS /Gm- /EHsc /MD /GS /fp:precise /Zc:wchar_t /Zc:forScope /Fo".\output\pjnath--Win32-vc8-Release-Dynamic\\" /Fd".\output\pjnath--Win32-vc8-Release-Dynamic\\vc120.pdb" /FR".\output\pjnath--Win32-vc8-Release-Dynamic\\" /Gd /TC /analyze- /errorReport:prompt ..\src\pjnath\errno.c ..\src\pjnath\ice_session.c ..\src\pjnath\ice_strans.c ..\src\pjnath\nat_detect.c ..\src\pjnath\stun_auth.c ..\src\pjnath\stun_msg.c ..\src\pjnath\stun_msg_dump.c ..\src\pjnath\stun_session.c ..\src\pjnath\stun_sock.c ..\src\pjnath\stun_transaction.c ..\src\pjnath\turn_session.c ..\src\pjnath\turn_sock.c
         errno.c
         ice_session.c
         ice_strans.c
         nat_detect.c
         stun_auth.c
         stun_msg.c
         stun_msg_dump.c
         stun_session.c
         stun_sock.c
     1>..\src\pjnath\stun_sock.c(529): warning C4102: “TODO___SUPPORT_IPV6_IN_RESOLVER”: 未引用的标签
         stun_transaction.c
         turn_session.c
         turn_sock.c
         正在生成代码...
     1>C:\Program Files (x86)\MSBuild\Microsoft.Cpp\v4.0\V120\Microsoft.CppBuild.targets(1354,5): warning MSB8012: TargetPath(D:\0.0 Code\1.0 Open Source\pjproject-2.1\pjproject-2.1.0\pjnath\build\.\output\pjnath--Win32-vc8-Release-Dynamic\pjnath.lib) does not match the Library's OutputFile property value (D:\0.0 Code\1.0 Open Source\pjproject-2.1\pjproject-2.1.0\pjnath\lib\pjnath-i386-Win32-vc8-Release-Dynamic.lib). This may cause your project to build incorrectly. To correct this, please make sure that $(OutDir), $(TargetName) and $(TargetExt) property values match the value specified in %(Lib.OutputFile).
     1>C:\Program Files (x86)\MSBuild\Microsoft.Cpp\v4.0\V120\Microsoft.CppBuild.targets(1356,5): warning MSB8012: TargetName(pjnath) does not match the Library's OutputFile property value (pjnath-i386-Win32-vc8-Release-Dynamic). This may cause your project to build incorrectly. To correct this, please make sure that $(OutDir), $(TargetName) and $(TargetExt) property values match the value specified in %(Lib.OutputFile).
       Lib:
         C:\Program Files (x86)\Microsoft Visual Studio 12.0\VC\bin\Lib.exe /OUT:"..\lib\pjnath-i386-Win32-vc8-Release-Dynamic.lib" /NOLOGO ".\output\pjnath--Win32-vc8-Release-Dynamic\\errno.obj"
         ".\output\pjnath--Win32-vc8-Release-Dynamic\\ice_session.obj"
         ".\output\pjnath--Win32-vc8-Release-Dynamic\\ice_strans.obj"
         ".\output\pjnath--Win32-vc8-Release-Dynamic\\nat_detect.obj"
         ".\output\pjnath--Win32-vc8-Release-Dynamic\\stun_auth.obj"
         ".\output\pjnath--Win32-vc8-Release-Dynamic\\stun_msg.obj"
         ".\output\pjnath--Win32-vc8-Release-Dynamic\\stun_msg_dump.obj"
         ".\output\pjnath--Win32-vc8-Release-Dynamic\\stun_session.obj"
         ".\output\pjnath--Win32-vc8-Release-Dynamic\\stun_sock.obj"
         ".\output\pjnath--Win32-vc8-Release-Dynamic\\stun_transaction.obj"
         ".\output\pjnath--Win32-vc8-Release-Dynamic\\turn_session.obj"
         ".\output\pjnath--Win32-vc8-Release-Dynamic\\turn_sock.obj"
         pjnath.vcxproj -> D:\0.0 Code\1.0 Open Source\pjproject-2.1\pjproject-2.1.0\pjnath\build\.\output\pjnath--Win32-vc8-Release-Dynamic\pjnath.lib
       BscMake:
         C:\Program Files (x86)\Microsoft Visual Studio 12.0\VC\bin\bscmake.exe /nologo /o".\output\pjnath--Win32-vc8-Release-Dynamic\pjnath.bsc" ".\output\pjnath--Win32-vc8-Release-Dynamic\\errno.sbr" ".\output\pjnath--Win32-vc8-Release-Dynamic\\ice_session.sbr" ".\output\pjnath--Win32-vc8-Release-Dynamic\\ice_strans.sbr" ".\output\pjnath--Win32-vc8-Release-Dynamic\\nat_detect.sbr" ".\output\pjnath--Win32-vc8-Release-Dynamic\\stun_auth.sbr" ".\output\pjnath--Win32-vc8-Release-Dynamic\\stun_msg.sbr" ".\output\pjnath--Win32-vc8-Release-Dynamic\\stun_msg_dump.sbr" ".\output\pjnath--Win32-vc8-Release-Dynamic\\stun_session.sbr" ".\output\pjnath--Win32-vc8-Release-Dynamic\\stun_sock.sbr" ".\output\pjnath--Win32-vc8-Release-Dynamic\\stun_transaction.sbr" ".\output\pjnath--Win32-vc8-Release-Dynamic\\turn_session.sbr" ".\output\pjnath--Win32-vc8-Release-Dynamic\\turn_sock.sbr"
     1>已完成生成项目“D:\0.0 Code\1.0 Open Source\pjproject-2.1\pjproject-2.1.0\pjnath\build\pjnath.vcxproj”(Build 个目标)的操作。

生成成功。

已用时间 00:00:03.53
